<?xml version="1.0" encoding="UTF-8"?>
<testsuite name="com.cg.mylinkedlist.LinkedListTest" tests="3" skipped="0" failures="0" errors="0" timestamp="2020-10-21T19:24:53" hostname="LAPTOP-M4C7MB0K" time="0.009">
  <properties/>
  <testcase name="WhenSearchElementFound" classname="com.cg.mylinkedlist.LinkedListTest" time="0.006"/>
  <testcase name="WhenSearchElementNotFound" classname="com.cg.mylinkedlist.LinkedListTest" time="0.0"/>
  <testcase name="InsertElementAfterElement" classname="com.cg.mylinkedlist.LinkedListTest" time="0.001"/>
  <system-out><![CDATA[Searched and the node is found
Searched but node not found
Searched and the node is found
]]></system-out>
  <system-err><![CDATA[]]></system-err>
</testsuite>
